生成启动时间为 2015/12/17 12:01:02。
     1>项目“G:\code\DrawingBoard\DrawingBoard\DrawingBoard.vcxproj”在节点 2 上(Build 个目标)。
     1>C:\Program Files (x86)\MSBuild\Microsoft.Cpp\v4.0\V120\Microsoft.CppBuild.targets(935,5): warning MSB8027: Two or more files with the name of moc_drawingboard.cpp will produce outputs to the same location. This can lead to an incorrect build result.  The files involved are GeneratedFiles\Debug\moc_drawingboard.cpp, GeneratedFiles\Release\moc_drawingboard.cpp.
     1>C:\Program Files (x86)\MSBuild\Microsoft.Cpp\v4.0\V120\Microsoft.CppBuild.targets(935,5): warning MSB8027: Two or more files with the name of moc_mainwindow.cpp will produce outputs to the same location. This can lead to an incorrect build result.  The files involved are GeneratedFiles\Debug\moc_mainwindow.cpp, GeneratedFiles\Release\moc_mainwindow.cpp.
     1>C:\Program Files (x86)\MSBuild\Microsoft.Cpp\v4.0\V120\Microsoft.CppBuild.targets(935,5): warning MSB8027: Two or more files with the name of moc_paintwidget.cpp will produce outputs to the same location. This can lead to an incorrect build result.  The files involved are GeneratedFiles\Debug\moc_paintwidget.cpp, GeneratedFiles\Release\moc_paintwidget.cpp.
     1>ClCompile:
         F:\Program Files (x86)\Microsoft Visual Studio 12.0\VC\bin\x86_amd64\CL.exe /c /I.\GeneratedFiles /I. /IF:\Qt\Qt5.4.0\5.4\msvc2013_64_opengl\include /I.\GeneratedFiles\Debug /IF:\Qt\Qt5.4.0\5.4\msvc2013_64_opengl\include\QtCore /IF:\Qt\Qt5.4.0\5.4\msvc2013_64_opengl\include\QtGui /IF:\Qt\Qt5.4.0\5.4\msvc2013_64_opengl\include\QtWidgets /Zi /nologo /W1 /WX- /Od /D UNICODE /D WIN32 /D WIN64 /D QT_DLL /D QT_CORE_LIB /D QT_GUI_LIB /D QT_WIDGETS_LIB /Gm- /EHsc /MDd /GS /fp:precise /Zc:wchar_t /Zc:forScope /Fo"x64\Debug\\" /Fd"x64\Debug\vc120.pdb" /Gd /TP /errorReport:prompt main.cpp
         main.cpp
       Link:
         F:\Program Files (x86)\Microsoft Visual Studio 12.0\VC\bin\x86_amd64\link.exe /ERRORREPORT:PROMPT /OUT:"G:\code\DrawingBoard\x64\Debug\\DrawingBoard.exe" /NOLOGO /LIBPATH:F:\Qt\Qt5.4.0\5.4\msvc2013_64_opengl\lib qtmaind.lib Qt5Cored.lib Qt5Guid.lib Qt5Widgetsd.lib kernel32.lib user32.lib gdi32.lib winspool.lib comdlg32.lib advapi32.lib shell32.lib ole32.lib oleaut32.lib uuid.lib odbc32.lib odbccp32.lib /MANIFEST /MANIFESTUAC:"level='asInvoker' uiAccess='false'" /manifest:embed /DEBUG /PDB:"G:\code\DrawingBoard\x64\Debug\DrawingBoard.pdb" /SUBSYSTEM:WINDOWS /TLBID:1 /DYNAMICBASE /NXCOMPAT /IMPLIB:"G:\code\DrawingBoard\x64\Debug\DrawingBoard.lib" /MACHINE:X64 x64\Debug\drawingboard.obj
         x64\Debug\moc_drawingboard.obj
         x64\Debug\moc_mainwindow.obj
         x64\Debug\moc_paintwidget.obj
         x64\Debug\qrc_drawingboard.obj
         x64\Debug\main.obj
         x64\Debug\mainwindow.obj
         x64\Debug\paintwidget.obj
         DrawingBoard.vcxproj -> G:\code\DrawingBoard\x64\Debug\DrawingBoard.exe
     1>已完成生成项目“G:\code\DrawingBoard\DrawingBoard\DrawingBoard.vcxproj”(Build 个目标)的操作。

生成成功。

已用时间 00:00:01.24
