g:\code\drawingboard\drawingboard\x64\debug\vc120.pdb
g:\code\drawingboard\drawingboard\x64\debug\paintwidget.obj
g:\code\drawingboard\drawingboard\x64\debug\main.obj
g:\code\drawingboard\drawingboard\x64\debug\moc_paintwidget.obj
g:\code\drawingboard\drawingboard\x64\debug\moc_mainwindow.obj
g:\code\drawingboard\drawingboard\x64\debug\moc_drawingboard.obj
g:\code\drawingboard\drawingboard\x64\debug\drawingboard.obj
g:\code\drawingboard\drawingboard\x64\debug\qrc_drawingboard.obj
g:\code\drawingboard\drawingboard\x64\debug\mainwindow.obj
g:\code\drawingboard\drawingboard\generatedfiles\debug\moc_drawingboard.cpp
g:\code\drawingboard\drawingboard\generatedfiles\ui_drawingboard.h
g:\code\drawingboard\drawingboard\generatedfiles\qrc_drawingboard.cpp
g:\code\drawingboard\drawingboard\generatedfiles\debug\moc_paintwidget.cpp
g:\code\drawingboard\drawingboard\generatedfiles\debug\moc_mainwindow.cpp
g:\code\drawingboard\x64\debug\drawingboard.pdb
g:\code\drawingboard\drawingboard\x64\debug\drawingboard.tlog\cl.command.1.tlog
g:\code\drawingboard\drawingboard\x64\debug\drawingboard.tlog\cl.read.1.tlog
g:\code\drawingboard\drawingboard\x64\debug\drawingboard.tlog\cl.write.1.tlog
g:\code\drawingboard\drawingboard\x64\debug\drawingboard.tlog\custombuild.command.1.tlog
g:\code\drawingboard\drawingboard\x64\debug\drawingboard.tlog\custombuild.read.1.tlog
g:\code\drawingboard\drawingboard\x64\debug\drawingboard.tlog\custombuild.write.1.tlog
g:\code\drawingboard\drawingboard\x64\debug\drawingboard.tlog\link-cvtres.read.1.tlog
g:\code\drawingboard\drawingboard\x64\debug\drawingboard.tlog\link-cvtres.write.1.tlog
g:\code\drawingboard\drawingboard\x64\debug\drawingboard.tlog\link-rc.read.1.tlog
g:\code\drawingboard\drawingboard\x64\debug\drawingboard.tlog\link-rc.write.1.tlog
g:\code\drawingboard\drawingboard\x64\debug\drawingboard.tlog\link.command.1.tlog
g:\code\drawingboard\drawingboard\x64\debug\drawingboard.tlog\link.read.1.tlog
g:\code\drawingboard\drawingboard\x64\debug\drawingboard.tlog\link.write.1.tlog
